  main.cpp
c:\users\theop\source\repos\ray_tracing\main.cpp(439): warning C4018: '<' : incompatibilité signed/unsigned
c:\users\theop\source\repos\ray_tracing\main.cpp(262): warning C4101: 'matfile' : variable locale non référencée
c:\users\theop\source\repos\ray_tracing\main.cpp(519): warning C4018: '<' : incompatibilité signed/unsigned
c:\users\theop\source\repos\ray_tracing\main.cpp(539): warning C4244: 'initialisation' : conversion de 'double' en 'int', perte possible de données
c:\users\theop\source\repos\ray_tracing\main.cpp(540): warning C4244: 'initialisation' : conversion de 'double' en 'int', perte possible de données
c:\users\theop\source\repos\ray_tracing\main.cpp(510): warning C4101: 'debut' : variable locale non référencée
c:\users\theop\source\repos\ray_tracing\main.cpp(510): warning C4101: 'fin' : variable locale non référencée
c:\users\theop\source\repos\ray_tracing\main.cpp(581): warning C4018: '<' : incompatibilité signed/unsigned
c:\users\theop\source\repos\ray_tracing\main.cpp(760): warning C4244: 'argument' : conversion de 'double' en 'int', perte possible de données
c:\users\theop\source\repos\ray_tracing\main.cpp(798): warning C4244: '=' : conversion de 'const _Ty' en '_Ty', perte possible de données
          with
          [
              _Ty=double
          ]
          and
          [
              _Ty=unsigned char
          ]
c:\users\theop\source\repos\ray_tracing\main.cpp(799): warning C4244: '=' : conversion de 'const _Ty' en '_Ty', perte possible de données
          with
          [
              _Ty=double
          ]
          and
          [
              _Ty=unsigned char
          ]
c:\users\theop\source\repos\ray_tracing\main.cpp(800): warning C4244: '=' : conversion de 'const _Ty' en '_Ty', perte possible de données
          with
          [
              _Ty=double
          ]
          and
          [
              _Ty=unsigned char
          ]
  Génération de code en cours
  1 of 731 functions ( 0.1%) were compiled, the rest were copied from previous compilation.
    0 functions were new in current compilation
    0 functions had inline decision re-evaluated but remain unchanged
  Fin de la génération du code
  ray_tracing.vcxproj -> C:\Users\theop\source\repos\ray_tracing\Release\ray_tracing.exe
